ARM GAS  C:\Users\alanl\AppData\Local\Temp\ccgiH0Hf.s 			page 1


   1              		.cpu cortex-m4
   2              		.arch armv7e-m
   3              		.fpu fpv4-sp-d16
   4              		.eabi_attribute 27, 1
   5              		.eabi_attribute 28, 1
   6              		.eabi_attribute 20, 1
   7              		.eabi_attribute 21, 1
   8              		.eabi_attribute 23, 3
   9              		.eabi_attribute 24, 1
  10              		.eabi_attribute 25, 1
  11              		.eabi_attribute 26, 1
  12              		.eabi_attribute 30, 6
  13              		.eabi_attribute 34, 1
  14              		.eabi_attribute 18, 4
  15              		.file	"stm32wbxx_hal_dma_ex.c"
  16              		.text
  17              	.Ltext0:
  18              		.cfi_sections	.debug_frame
  19              		.file 1 "Drivers/STM32WBxx_HAL_Driver/Src/stm32wbxx_hal_dma_ex.c"
  20              		.section	.text.HAL_DMAEx_ConfigMuxSync,"ax",%progbits
  21              		.align	1
  22              		.global	HAL_DMAEx_ConfigMuxSync
  23              		.syntax unified
  24              		.thumb
  25              		.thumb_func
  27              	HAL_DMAEx_ConfigMuxSync:
  28              	.LFB950:
   1:Drivers/STM32WBxx_HAL_Driver/Src/stm32wbxx_hal_dma_ex.c **** /**
   2:Drivers/STM32WBxx_HAL_Driver/Src/stm32wbxx_hal_dma_ex.c ****   ******************************************************************************
   3:Drivers/STM32WBxx_HAL_Driver/Src/stm32wbxx_hal_dma_ex.c ****   * @file    stm32wbxx_hal_dma_ex.c
   4:Drivers/STM32WBxx_HAL_Driver/Src/stm32wbxx_hal_dma_ex.c ****   * @author  MCD Application Team
   5:Drivers/STM32WBxx_HAL_Driver/Src/stm32wbxx_hal_dma_ex.c ****   * @brief   DMA Extension HAL module driver
   6:Drivers/STM32WBxx_HAL_Driver/Src/stm32wbxx_hal_dma_ex.c ****   *         This file provides firmware functions to manage the following
   7:Drivers/STM32WBxx_HAL_Driver/Src/stm32wbxx_hal_dma_ex.c ****   *         functionalities of the DMA Extension peripheral:
   8:Drivers/STM32WBxx_HAL_Driver/Src/stm32wbxx_hal_dma_ex.c ****   *           + Extended features functions
   9:Drivers/STM32WBxx_HAL_Driver/Src/stm32wbxx_hal_dma_ex.c ****   *
  10:Drivers/STM32WBxx_HAL_Driver/Src/stm32wbxx_hal_dma_ex.c ****   ******************************************************************************
  11:Drivers/STM32WBxx_HAL_Driver/Src/stm32wbxx_hal_dma_ex.c ****   * @attention
  12:Drivers/STM32WBxx_HAL_Driver/Src/stm32wbxx_hal_dma_ex.c ****   *
  13:Drivers/STM32WBxx_HAL_Driver/Src/stm32wbxx_hal_dma_ex.c ****   * Copyright (c) 2019 STMicroelectronics.
  14:Drivers/STM32WBxx_HAL_Driver/Src/stm32wbxx_hal_dma_ex.c ****   * All rights reserved.
  15:Drivers/STM32WBxx_HAL_Driver/Src/stm32wbxx_hal_dma_ex.c ****   *
  16:Drivers/STM32WBxx_HAL_Driver/Src/stm32wbxx_hal_dma_ex.c ****   * This software is licensed under terms that can be found in the LICENSE file
  17:Drivers/STM32WBxx_HAL_Driver/Src/stm32wbxx_hal_dma_ex.c ****   * in the root directory of this software component.
  18:Drivers/STM32WBxx_HAL_Driver/Src/stm32wbxx_hal_dma_ex.c ****   * If no LICENSE file comes with this software, it is provided AS-IS.
  19:Drivers/STM32WBxx_HAL_Driver/Src/stm32wbxx_hal_dma_ex.c ****   *
  20:Drivers/STM32WBxx_HAL_Driver/Src/stm32wbxx_hal_dma_ex.c ****   ******************************************************************************
  21:Drivers/STM32WBxx_HAL_Driver/Src/stm32wbxx_hal_dma_ex.c ****   @verbatim
  22:Drivers/STM32WBxx_HAL_Driver/Src/stm32wbxx_hal_dma_ex.c ****   ==============================================================================
  23:Drivers/STM32WBxx_HAL_Driver/Src/stm32wbxx_hal_dma_ex.c ****                         ##### How to use this driver #####
  24:Drivers/STM32WBxx_HAL_Driver/Src/stm32wbxx_hal_dma_ex.c ****   ==============================================================================
  25:Drivers/STM32WBxx_HAL_Driver/Src/stm32wbxx_hal_dma_ex.c ****   [..]
  26:Drivers/STM32WBxx_HAL_Driver/Src/stm32wbxx_hal_dma_ex.c ****   The DMA Extension HAL driver can be used as follows:
  27:Drivers/STM32WBxx_HAL_Driver/Src/stm32wbxx_hal_dma_ex.c **** 
  28:Drivers/STM32WBxx_HAL_Driver/Src/stm32wbxx_hal_dma_ex.c ****    (+) Configure the DMA_MUX Synchronization Block using HAL_DMAEx_ConfigMuxSync function.
  29:Drivers/STM32WBxx_HAL_Driver/Src/stm32wbxx_hal_dma_ex.c ****    (+) Configure the DMA_MUX Request Generator Block using HAL_DMAEx_ConfigMuxRequestGenerator func
  30:Drivers/STM32WBxx_HAL_Driver/Src/stm32wbxx_hal_dma_ex.c ****        Functions HAL_DMAEx_EnableMuxRequestGenerator and HAL_DMAEx_DisableMuxRequestGenerator can t
ARM GAS  C:\Users\alanl\AppData\Local\Temp\ccgiH0Hf.s 			page 2


  31:Drivers/STM32WBxx_HAL_Driver/Src/stm32wbxx_hal_dma_ex.c ****        to respectively enable/disable the request generator.
  32:Drivers/STM32WBxx_HAL_Driver/Src/stm32wbxx_hal_dma_ex.c **** 
  33:Drivers/STM32WBxx_HAL_Driver/Src/stm32wbxx_hal_dma_ex.c ****    (+) To handle the DMAMUX Interrupts, the function  HAL_DMAEx_MUX_IRQHandler should be called fro
  34:Drivers/STM32WBxx_HAL_Driver/Src/stm32wbxx_hal_dma_ex.c ****        the DMAMUX IRQ handler i.e DMAMUX1_OVR_IRQHandler.
  35:Drivers/STM32WBxx_HAL_Driver/Src/stm32wbxx_hal_dma_ex.c ****        As only one interrupt line is available for all DMAMUX channels and request generators , HAL
  36:Drivers/STM32WBxx_HAL_Driver/Src/stm32wbxx_hal_dma_ex.c ****        called with, as parameter, the appropriate DMA handle as many as used DMAs in the user proje
  37:Drivers/STM32WBxx_HAL_Driver/Src/stm32wbxx_hal_dma_ex.c ****       (exception done if a given DMA is not using the DMAMUX SYNC block neither a request generator
  38:Drivers/STM32WBxx_HAL_Driver/Src/stm32wbxx_hal_dma_ex.c **** 
  39:Drivers/STM32WBxx_HAL_Driver/Src/stm32wbxx_hal_dma_ex.c ****   @endverbatim
  40:Drivers/STM32WBxx_HAL_Driver/Src/stm32wbxx_hal_dma_ex.c ****   ******************************************************************************
  41:Drivers/STM32WBxx_HAL_Driver/Src/stm32wbxx_hal_dma_ex.c ****   */
  42:Drivers/STM32WBxx_HAL_Driver/Src/stm32wbxx_hal_dma_ex.c **** 
  43:Drivers/STM32WBxx_HAL_Driver/Src/stm32wbxx_hal_dma_ex.c **** /* Includes ------------------------------------------------------------------*/
  44:Drivers/STM32WBxx_HAL_Driver/Src/stm32wbxx_hal_dma_ex.c **** #include "stm32wbxx_hal.h"
  45:Drivers/STM32WBxx_HAL_Driver/Src/stm32wbxx_hal_dma_ex.c **** 
  46:Drivers/STM32WBxx_HAL_Driver/Src/stm32wbxx_hal_dma_ex.c **** /** @addtogroup STM32WBxx_HAL_Driver
  47:Drivers/STM32WBxx_HAL_Driver/Src/stm32wbxx_hal_dma_ex.c ****   * @{
  48:Drivers/STM32WBxx_HAL_Driver/Src/stm32wbxx_hal_dma_ex.c ****   */
  49:Drivers/STM32WBxx_HAL_Driver/Src/stm32wbxx_hal_dma_ex.c **** 
  50:Drivers/STM32WBxx_HAL_Driver/Src/stm32wbxx_hal_dma_ex.c **** /** @defgroup DMAEx DMAEx
  51:Drivers/STM32WBxx_HAL_Driver/Src/stm32wbxx_hal_dma_ex.c ****   * @brief DMA Extended HAL module driver
  52:Drivers/STM32WBxx_HAL_Driver/Src/stm32wbxx_hal_dma_ex.c ****   * @{
  53:Drivers/STM32WBxx_HAL_Driver/Src/stm32wbxx_hal_dma_ex.c ****   */
  54:Drivers/STM32WBxx_HAL_Driver/Src/stm32wbxx_hal_dma_ex.c **** 
  55:Drivers/STM32WBxx_HAL_Driver/Src/stm32wbxx_hal_dma_ex.c **** #ifdef HAL_DMA_MODULE_ENABLED
  56:Drivers/STM32WBxx_HAL_Driver/Src/stm32wbxx_hal_dma_ex.c **** 
  57:Drivers/STM32WBxx_HAL_Driver/Src/stm32wbxx_hal_dma_ex.c **** /* Private typedef -----------------------------------------------------------*/
  58:Drivers/STM32WBxx_HAL_Driver/Src/stm32wbxx_hal_dma_ex.c **** /* Private define ------------------------------------------------------------*/
  59:Drivers/STM32WBxx_HAL_Driver/Src/stm32wbxx_hal_dma_ex.c **** /* Private macro -------------------------------------------------------------*/
  60:Drivers/STM32WBxx_HAL_Driver/Src/stm32wbxx_hal_dma_ex.c **** /* Private variables ---------------------------------------------------------*/
  61:Drivers/STM32WBxx_HAL_Driver/Src/stm32wbxx_hal_dma_ex.c **** /* Private Constants ---------------------------------------------------------*/
  62:Drivers/STM32WBxx_HAL_Driver/Src/stm32wbxx_hal_dma_ex.c **** /* Private function prototypes -----------------------------------------------*/
  63:Drivers/STM32WBxx_HAL_Driver/Src/stm32wbxx_hal_dma_ex.c **** /* Private functions ---------------------------------------------------------*/
  64:Drivers/STM32WBxx_HAL_Driver/Src/stm32wbxx_hal_dma_ex.c **** 
  65:Drivers/STM32WBxx_HAL_Driver/Src/stm32wbxx_hal_dma_ex.c **** 
  66:Drivers/STM32WBxx_HAL_Driver/Src/stm32wbxx_hal_dma_ex.c **** /** @defgroup DMAEx_Exported_Functions DMAEx Exported Functions
  67:Drivers/STM32WBxx_HAL_Driver/Src/stm32wbxx_hal_dma_ex.c ****   * @{
  68:Drivers/STM32WBxx_HAL_Driver/Src/stm32wbxx_hal_dma_ex.c ****   */
  69:Drivers/STM32WBxx_HAL_Driver/Src/stm32wbxx_hal_dma_ex.c **** 
  70:Drivers/STM32WBxx_HAL_Driver/Src/stm32wbxx_hal_dma_ex.c **** /** @defgroup DMAEx_Exported_Functions_Group1 DMAEx Extended features functions
  71:Drivers/STM32WBxx_HAL_Driver/Src/stm32wbxx_hal_dma_ex.c ****   *  @brief   Extended features functions
  72:Drivers/STM32WBxx_HAL_Driver/Src/stm32wbxx_hal_dma_ex.c ****   *
  73:Drivers/STM32WBxx_HAL_Driver/Src/stm32wbxx_hal_dma_ex.c **** @verbatim
  74:Drivers/STM32WBxx_HAL_Driver/Src/stm32wbxx_hal_dma_ex.c ****  ===============================================================================
  75:Drivers/STM32WBxx_HAL_Driver/Src/stm32wbxx_hal_dma_ex.c ****                 #####  Extended features functions  #####
  76:Drivers/STM32WBxx_HAL_Driver/Src/stm32wbxx_hal_dma_ex.c ****  ===============================================================================
  77:Drivers/STM32WBxx_HAL_Driver/Src/stm32wbxx_hal_dma_ex.c ****     [..]  This section provides functions allowing to:
  78:Drivers/STM32WBxx_HAL_Driver/Src/stm32wbxx_hal_dma_ex.c **** 
  79:Drivers/STM32WBxx_HAL_Driver/Src/stm32wbxx_hal_dma_ex.c ****     (+) Configure the DMAMUX Synchronization Block using HAL_DMAEx_ConfigMuxSync function.
  80:Drivers/STM32WBxx_HAL_Driver/Src/stm32wbxx_hal_dma_ex.c ****     (+) Configure the DMAMUX Request Generator Block using HAL_DMAEx_ConfigMuxRequestGenerator func
  81:Drivers/STM32WBxx_HAL_Driver/Src/stm32wbxx_hal_dma_ex.c ****        Functions HAL_DMAEx_EnableMuxRequestGenerator and HAL_DMAEx_DisableMuxRequestGenerator can t
  82:Drivers/STM32WBxx_HAL_Driver/Src/stm32wbxx_hal_dma_ex.c ****        to respectively enable/disable the request generator.
  83:Drivers/STM32WBxx_HAL_Driver/Src/stm32wbxx_hal_dma_ex.c **** 
  84:Drivers/STM32WBxx_HAL_Driver/Src/stm32wbxx_hal_dma_ex.c **** @endverbatim
  85:Drivers/STM32WBxx_HAL_Driver/Src/stm32wbxx_hal_dma_ex.c ****   * @{
  86:Drivers/STM32WBxx_HAL_Driver/Src/stm32wbxx_hal_dma_ex.c ****   */
  87:Drivers/STM32WBxx_HAL_Driver/Src/stm32wbxx_hal_dma_ex.c **** 
ARM GAS  C:\Users\alanl\AppData\Local\Temp\ccgiH0Hf.s 			page 3


  88:Drivers/STM32WBxx_HAL_Driver/Src/stm32wbxx_hal_dma_ex.c **** /**
  89:Drivers/STM32WBxx_HAL_Driver/Src/stm32wbxx_hal_dma_ex.c ****   * @brief  Configure the DMAMUX synchronization parameters for a given DMA channel (instance).
  90:Drivers/STM32WBxx_HAL_Driver/Src/stm32wbxx_hal_dma_ex.c ****   * @param  hdma Pointer to a DMA_HandleTypeDef structure that contains
  91:Drivers/STM32WBxx_HAL_Driver/Src/stm32wbxx_hal_dma_ex.c ****   *                     the configuration information for the specified DMA channel.
  92:Drivers/STM32WBxx_HAL_Driver/Src/stm32wbxx_hal_dma_ex.c ****   * @param  pSyncConfig Pointer to HAL_DMA_MuxSyncConfigTypeDef : contains the DMAMUX synchronizati
  93:Drivers/STM32WBxx_HAL_Driver/Src/stm32wbxx_hal_dma_ex.c ****   * @retval HAL status
  94:Drivers/STM32WBxx_HAL_Driver/Src/stm32wbxx_hal_dma_ex.c ****   */
  95:Drivers/STM32WBxx_HAL_Driver/Src/stm32wbxx_hal_dma_ex.c **** HAL_StatusTypeDef HAL_DMAEx_ConfigMuxSync(DMA_HandleTypeDef *hdma, HAL_DMA_MuxSyncConfigTypeDef *pS
  96:Drivers/STM32WBxx_HAL_Driver/Src/stm32wbxx_hal_dma_ex.c **** {
  29              		.loc 1 96 1
  30              		.cfi_startproc
  31              		@ args = 0, pretend = 0, frame = 8
  32              		@ frame_needed = 1, uses_anonymous_args = 0
  33              		@ link register save eliminated.
  34 0000 80B4     		push	{r7}
  35              	.LCFI0:
  36              		.cfi_def_cfa_offset 4
  37              		.cfi_offset 7, -4
  38 0002 83B0     		sub	sp, sp, #12
  39              	.LCFI1:
  40              		.cfi_def_cfa_offset 16
  41 0004 00AF     		add	r7, sp, #0
  42              	.LCFI2:
  43              		.cfi_def_cfa_register 7
  44 0006 7860     		str	r0, [r7, #4]
  45 0008 3960     		str	r1, [r7]
  97:Drivers/STM32WBxx_HAL_Driver/Src/stm32wbxx_hal_dma_ex.c ****   /* Check the parameters */
  98:Drivers/STM32WBxx_HAL_Driver/Src/stm32wbxx_hal_dma_ex.c ****   assert_param(IS_DMA_ALL_INSTANCE(hdma->Instance));
  99:Drivers/STM32WBxx_HAL_Driver/Src/stm32wbxx_hal_dma_ex.c **** 
 100:Drivers/STM32WBxx_HAL_Driver/Src/stm32wbxx_hal_dma_ex.c ****   assert_param(IS_DMAMUX_SYNC_SIGNAL_ID(pSyncConfig->SyncSignalID));
 101:Drivers/STM32WBxx_HAL_Driver/Src/stm32wbxx_hal_dma_ex.c ****   assert_param(IS_DMAMUX_SYNC_POLARITY(pSyncConfig-> SyncPolarity));
 102:Drivers/STM32WBxx_HAL_Driver/Src/stm32wbxx_hal_dma_ex.c ****   assert_param(IS_DMAMUX_SYNC_STATE(pSyncConfig->SyncEnable));
 103:Drivers/STM32WBxx_HAL_Driver/Src/stm32wbxx_hal_dma_ex.c ****   assert_param(IS_DMAMUX_SYNC_EVENT(pSyncConfig->EventEnable));
 104:Drivers/STM32WBxx_HAL_Driver/Src/stm32wbxx_hal_dma_ex.c ****   assert_param(IS_DMAMUX_SYNC_REQUEST_NUMBER(pSyncConfig->RequestNumber));
 105:Drivers/STM32WBxx_HAL_Driver/Src/stm32wbxx_hal_dma_ex.c **** 
 106:Drivers/STM32WBxx_HAL_Driver/Src/stm32wbxx_hal_dma_ex.c ****   /*Check if the DMA state is ready */
 107:Drivers/STM32WBxx_HAL_Driver/Src/stm32wbxx_hal_dma_ex.c ****   if (hdma->State == HAL_DMA_STATE_READY)
  46              		.loc 1 107 11
  47 000a 7B68     		ldr	r3, [r7, #4]
  48 000c 93F82530 		ldrb	r3, [r3, #37]
  49 0010 DBB2     		uxtb	r3, r3
  50              		.loc 1 107 6
  51 0012 012B     		cmp	r3, #1
  52 0014 2BD1     		bne	.L2
 108:Drivers/STM32WBxx_HAL_Driver/Src/stm32wbxx_hal_dma_ex.c ****   {
 109:Drivers/STM32WBxx_HAL_Driver/Src/stm32wbxx_hal_dma_ex.c ****     /* Process Locked */
 110:Drivers/STM32WBxx_HAL_Driver/Src/stm32wbxx_hal_dma_ex.c ****     __HAL_LOCK(hdma);
  53              		.loc 1 110 5
  54 0016 7B68     		ldr	r3, [r7, #4]
  55 0018 93F82430 		ldrb	r3, [r3, #36]	@ zero_extendqisi2
  56 001c 012B     		cmp	r3, #1
  57 001e 01D1     		bne	.L3
  58              		.loc 1 110 5 is_stmt 0 discriminator 1
  59 0020 0223     		movs	r3, #2
  60              		.loc 1 110 5
  61 0022 25E0     		b	.L4
  62              	.L3:
ARM GAS  C:\Users\alanl\AppData\Local\Temp\ccgiH0Hf.s 			page 4


  63              		.loc 1 110 5 discriminator 2
  64 0024 7B68     		ldr	r3, [r7, #4]
  65 0026 0122     		movs	r2, #1
  66 0028 83F82420 		strb	r2, [r3, #36]
 111:Drivers/STM32WBxx_HAL_Driver/Src/stm32wbxx_hal_dma_ex.c **** 
 112:Drivers/STM32WBxx_HAL_Driver/Src/stm32wbxx_hal_dma_ex.c ****     /* Set the new synchronization parameters (and keep the request ID filled during the Init)*/
 113:Drivers/STM32WBxx_HAL_Driver/Src/stm32wbxx_hal_dma_ex.c ****     MODIFY_REG(hdma->DMAmuxChannel->CCR, \
  67              		.loc 1 113 5 is_stmt 1
  68 002c 7B68     		ldr	r3, [r7, #4]
  69 002e 9B6C     		ldr	r3, [r3, #72]
  70 0030 1A68     		ldr	r2, [r3]
  71 0032 124B     		ldr	r3, .L5
  72 0034 1340     		ands	r3, r3, r2
  73 0036 3A68     		ldr	r2, [r7]
  74 0038 1168     		ldr	r1, [r2]
  75 003a 3A68     		ldr	r2, [r7]
  76 003c D268     		ldr	r2, [r2, #12]
  77 003e 013A     		subs	r2, r2, #1
  78 0040 D204     		lsls	r2, r2, #19
  79 0042 1143     		orrs	r1, r1, r2
  80 0044 3A68     		ldr	r2, [r7]
  81 0046 5268     		ldr	r2, [r2, #4]
  82 0048 1143     		orrs	r1, r1, r2
  83 004a 3A68     		ldr	r2, [r7]
  84 004c 127A     		ldrb	r2, [r2, #8]	@ zero_extendqisi2
  85 004e 1204     		lsls	r2, r2, #16
  86 0050 1143     		orrs	r1, r1, r2
  87 0052 3A68     		ldr	r2, [r7]
  88 0054 527A     		ldrb	r2, [r2, #9]	@ zero_extendqisi2
  89 0056 5202     		lsls	r2, r2, #9
  90 0058 1143     		orrs	r1, r1, r2
  91 005a 7A68     		ldr	r2, [r7, #4]
  92 005c 926C     		ldr	r2, [r2, #72]
  93 005e 0B43     		orrs	r3, r3, r1
  94 0060 1360     		str	r3, [r2]
 114:Drivers/STM32WBxx_HAL_Driver/Src/stm32wbxx_hal_dma_ex.c ****                (DMAMUX_CxCR_SYNC_ID | DMAMUX_CxCR_NBREQ | DMAMUX_CxCR_SPOL | DMAMUX_CxCR_SE | DMAMU
 115:Drivers/STM32WBxx_HAL_Driver/Src/stm32wbxx_hal_dma_ex.c ****                (pSyncConfig->SyncSignalID                                       | \
 116:Drivers/STM32WBxx_HAL_Driver/Src/stm32wbxx_hal_dma_ex.c ****                 ((pSyncConfig->RequestNumber - 1U) << DMAMUX_CxCR_NBREQ_Pos)    | \
 117:Drivers/STM32WBxx_HAL_Driver/Src/stm32wbxx_hal_dma_ex.c ****                 pSyncConfig->SyncPolarity                                       | \
 118:Drivers/STM32WBxx_HAL_Driver/Src/stm32wbxx_hal_dma_ex.c ****                 ((uint32_t)pSyncConfig->SyncEnable << DMAMUX_CxCR_SE_Pos)                 | \
 119:Drivers/STM32WBxx_HAL_Driver/Src/stm32wbxx_hal_dma_ex.c ****                 ((uint32_t)pSyncConfig->EventEnable << DMAMUX_CxCR_EGE_Pos)));
 120:Drivers/STM32WBxx_HAL_Driver/Src/stm32wbxx_hal_dma_ex.c **** 
 121:Drivers/STM32WBxx_HAL_Driver/Src/stm32wbxx_hal_dma_ex.c ****     /* Process UnLocked */
 122:Drivers/STM32WBxx_HAL_Driver/Src/stm32wbxx_hal_dma_ex.c ****     __HAL_UNLOCK(hdma);
  95              		.loc 1 122 5
  96 0062 7B68     		ldr	r3, [r7, #4]
  97 0064 0022     		movs	r2, #0
  98 0066 83F82420 		strb	r2, [r3, #36]
 123:Drivers/STM32WBxx_HAL_Driver/Src/stm32wbxx_hal_dma_ex.c **** 
 124:Drivers/STM32WBxx_HAL_Driver/Src/stm32wbxx_hal_dma_ex.c ****     return HAL_OK;
  99              		.loc 1 124 12
 100 006a 0023     		movs	r3, #0
 101 006c 00E0     		b	.L4
 102              	.L2:
 125:Drivers/STM32WBxx_HAL_Driver/Src/stm32wbxx_hal_dma_ex.c ****   }
 126:Drivers/STM32WBxx_HAL_Driver/Src/stm32wbxx_hal_dma_ex.c ****   else
 127:Drivers/STM32WBxx_HAL_Driver/Src/stm32wbxx_hal_dma_ex.c ****   {
ARM GAS  C:\Users\alanl\AppData\Local\Temp\ccgiH0Hf.s 			page 5


 128:Drivers/STM32WBxx_HAL_Driver/Src/stm32wbxx_hal_dma_ex.c ****     /*DMA State not Ready*/
 129:Drivers/STM32WBxx_HAL_Driver/Src/stm32wbxx_hal_dma_ex.c ****     return HAL_ERROR;
 103              		.loc 1 129 12
 104 006e 0123     		movs	r3, #1
 105              	.L4:
 130:Drivers/STM32WBxx_HAL_Driver/Src/stm32wbxx_hal_dma_ex.c ****   }
 131:Drivers/STM32WBxx_HAL_Driver/Src/stm32wbxx_hal_dma_ex.c **** }
 106              		.loc 1 131 1
 107 0070 1846     		mov	r0, r3
 108 0072 0C37     		adds	r7, r7, #12
 109              	.LCFI3:
 110              		.cfi_def_cfa_offset 4
 111 0074 BD46     		mov	sp, r7
 112              	.LCFI4:
 113              		.cfi_def_cfa_register 13
 114              		@ sp needed
 115 0076 5DF8047B 		ldr	r7, [sp], #4
 116              	.LCFI5:
 117              		.cfi_restore 7
 118              		.cfi_def_cfa_offset 0
 119 007a 7047     		bx	lr
 120              	.L6:
 121              		.align	2
 122              	.L5:
 123 007c FFFD00E0 		.word	-536805889
 124              		.cfi_endproc
 125              	.LFE950:
 127              		.section	.text.HAL_DMAEx_ConfigMuxRequestGenerator,"ax",%progbits
 128              		.align	1
 129              		.global	HAL_DMAEx_ConfigMuxRequestGenerator
 130              		.syntax unified
 131              		.thumb
 132              		.thumb_func
 134              	HAL_DMAEx_ConfigMuxRequestGenerator:
 135              	.LFB951:
 132:Drivers/STM32WBxx_HAL_Driver/Src/stm32wbxx_hal_dma_ex.c **** 
 133:Drivers/STM32WBxx_HAL_Driver/Src/stm32wbxx_hal_dma_ex.c **** /**
 134:Drivers/STM32WBxx_HAL_Driver/Src/stm32wbxx_hal_dma_ex.c ****   * @brief  Configure the DMAMUX request generator block used by the given DMA channel (instance).
 135:Drivers/STM32WBxx_HAL_Driver/Src/stm32wbxx_hal_dma_ex.c ****   * @param  hdma Pointer to a DMA_HandleTypeDef structure that contains
 136:Drivers/STM32WBxx_HAL_Driver/Src/stm32wbxx_hal_dma_ex.c ****   *                     the configuration information for the specified DMA channel.
 137:Drivers/STM32WBxx_HAL_Driver/Src/stm32wbxx_hal_dma_ex.c ****   * @param  pRequestGeneratorConfig Pointer to HAL_DMA_MuxRequestGeneratorConfigTypeDef :
 138:Drivers/STM32WBxx_HAL_Driver/Src/stm32wbxx_hal_dma_ex.c ****   *         contains the request generator parameters.
 139:Drivers/STM32WBxx_HAL_Driver/Src/stm32wbxx_hal_dma_ex.c ****   *
 140:Drivers/STM32WBxx_HAL_Driver/Src/stm32wbxx_hal_dma_ex.c ****   * @retval HAL status
 141:Drivers/STM32WBxx_HAL_Driver/Src/stm32wbxx_hal_dma_ex.c ****   */
 142:Drivers/STM32WBxx_HAL_Driver/Src/stm32wbxx_hal_dma_ex.c **** HAL_StatusTypeDef HAL_DMAEx_ConfigMuxRequestGenerator(DMA_HandleTypeDef *hdma,
 143:Drivers/STM32WBxx_HAL_Driver/Src/stm32wbxx_hal_dma_ex.c ****                                                       const HAL_DMA_MuxRequestGeneratorConfigTypeDe
 144:Drivers/STM32WBxx_HAL_Driver/Src/stm32wbxx_hal_dma_ex.c **** {
 136              		.loc 1 144 1
 137              		.cfi_startproc
 138              		@ args = 0, pretend = 0, frame = 8
 139              		@ frame_needed = 1, uses_anonymous_args = 0
 140              		@ link register save eliminated.
 141 0000 80B4     		push	{r7}
 142              	.LCFI6:
 143              		.cfi_def_cfa_offset 4
 144              		.cfi_offset 7, -4
ARM GAS  C:\Users\alanl\AppData\Local\Temp\ccgiH0Hf.s 			page 6


 145 0002 83B0     		sub	sp, sp, #12
 146              	.LCFI7:
 147              		.cfi_def_cfa_offset 16
 148 0004 00AF     		add	r7, sp, #0
 149              	.LCFI8:
 150              		.cfi_def_cfa_register 7
 151 0006 7860     		str	r0, [r7, #4]
 152 0008 3960     		str	r1, [r7]
 145:Drivers/STM32WBxx_HAL_Driver/Src/stm32wbxx_hal_dma_ex.c ****   /* Check the parameters */
 146:Drivers/STM32WBxx_HAL_Driver/Src/stm32wbxx_hal_dma_ex.c ****   assert_param(IS_DMA_ALL_INSTANCE(hdma->Instance));
 147:Drivers/STM32WBxx_HAL_Driver/Src/stm32wbxx_hal_dma_ex.c **** 
 148:Drivers/STM32WBxx_HAL_Driver/Src/stm32wbxx_hal_dma_ex.c ****   assert_param(IS_DMAMUX_REQUEST_GEN_SIGNAL_ID(pRequestGeneratorConfig->SignalID));
 149:Drivers/STM32WBxx_HAL_Driver/Src/stm32wbxx_hal_dma_ex.c ****   assert_param(IS_DMAMUX_REQUEST_GEN_POLARITY(pRequestGeneratorConfig->Polarity));
 150:Drivers/STM32WBxx_HAL_Driver/Src/stm32wbxx_hal_dma_ex.c ****   assert_param(IS_DMAMUX_REQUEST_GEN_REQUEST_NUMBER(pRequestGeneratorConfig->RequestNumber));
 151:Drivers/STM32WBxx_HAL_Driver/Src/stm32wbxx_hal_dma_ex.c **** 
 152:Drivers/STM32WBxx_HAL_Driver/Src/stm32wbxx_hal_dma_ex.c ****   /* check if the DMA state is ready
 153:Drivers/STM32WBxx_HAL_Driver/Src/stm32wbxx_hal_dma_ex.c ****      and DMA is using a DMAMUX request generator block
 154:Drivers/STM32WBxx_HAL_Driver/Src/stm32wbxx_hal_dma_ex.c ****   */
 155:Drivers/STM32WBxx_HAL_Driver/Src/stm32wbxx_hal_dma_ex.c ****   if ((hdma->State == HAL_DMA_STATE_READY) && (hdma->DMAmuxRequestGen != 0U))
 153              		.loc 1 155 12
 154 000a 7B68     		ldr	r3, [r7, #4]
 155 000c 93F82530 		ldrb	r3, [r3, #37]
 156 0010 DBB2     		uxtb	r3, r3
 157              		.loc 1 155 6
 158 0012 012B     		cmp	r3, #1
 159 0014 22D1     		bne	.L8
 160              		.loc 1 155 52 discriminator 1
 161 0016 7B68     		ldr	r3, [r7, #4]
 162 0018 5B6D     		ldr	r3, [r3, #84]
 163              		.loc 1 155 44 discriminator 1
 164 001a 002B     		cmp	r3, #0
 165 001c 1ED0     		beq	.L8
 156:Drivers/STM32WBxx_HAL_Driver/Src/stm32wbxx_hal_dma_ex.c ****   {
 157:Drivers/STM32WBxx_HAL_Driver/Src/stm32wbxx_hal_dma_ex.c ****     /* Process Locked */
 158:Drivers/STM32WBxx_HAL_Driver/Src/stm32wbxx_hal_dma_ex.c ****     __HAL_LOCK(hdma);
 166              		.loc 1 158 5
 167 001e 7B68     		ldr	r3, [r7, #4]
 168 0020 93F82430 		ldrb	r3, [r3, #36]	@ zero_extendqisi2
 169 0024 012B     		cmp	r3, #1
 170 0026 01D1     		bne	.L9
 171              		.loc 1 158 5 is_stmt 0 discriminator 1
 172 0028 0223     		movs	r3, #2
 173              		.loc 1 158 5
 174 002a 18E0     		b	.L10
 175              	.L9:
 176              		.loc 1 158 5 discriminator 2
 177 002c 7B68     		ldr	r3, [r7, #4]
 178 002e 0122     		movs	r2, #1
 179 0030 83F82420 		strb	r2, [r3, #36]
 159:Drivers/STM32WBxx_HAL_Driver/Src/stm32wbxx_hal_dma_ex.c **** 
 160:Drivers/STM32WBxx_HAL_Driver/Src/stm32wbxx_hal_dma_ex.c ****     /* Set the request generator new parameters*/
 161:Drivers/STM32WBxx_HAL_Driver/Src/stm32wbxx_hal_dma_ex.c ****     WRITE_REG(hdma->DMAmuxRequestGen->RGCR, (pRequestGeneratorConfig->SignalID       | \
 180              		.loc 1 161 5 is_stmt 1
 181 0034 3B68     		ldr	r3, [r7]
 182 0036 1A68     		ldr	r2, [r3]
 183 0038 3B68     		ldr	r3, [r7]
 184 003a 5B68     		ldr	r3, [r3, #4]
ARM GAS  C:\Users\alanl\AppData\Local\Temp\ccgiH0Hf.s 			page 7


 185 003c 42EA0301 		orr	r1, r2, r3
 186 0040 3B68     		ldr	r3, [r7]
 187 0042 9B68     		ldr	r3, [r3, #8]
 188 0044 013B     		subs	r3, r3, #1
 189 0046 DA04     		lsls	r2, r3, #19
 190 0048 7B68     		ldr	r3, [r7, #4]
 191 004a 5B6D     		ldr	r3, [r3, #84]
 192 004c 0A43     		orrs	r2, r2, r1
 193 004e 1A60     		str	r2, [r3]
 162:Drivers/STM32WBxx_HAL_Driver/Src/stm32wbxx_hal_dma_ex.c ****                                              pRequestGeneratorConfig->Polarity       | \
 163:Drivers/STM32WBxx_HAL_Driver/Src/stm32wbxx_hal_dma_ex.c ****                                              ((pRequestGeneratorConfig->RequestNumber - 1U) << DMAM
 164:Drivers/STM32WBxx_HAL_Driver/Src/stm32wbxx_hal_dma_ex.c **** 
 165:Drivers/STM32WBxx_HAL_Driver/Src/stm32wbxx_hal_dma_ex.c ****     /* Process UnLocked */
 166:Drivers/STM32WBxx_HAL_Driver/Src/stm32wbxx_hal_dma_ex.c ****     __HAL_UNLOCK(hdma);
 194              		.loc 1 166 5
 195 0050 7B68     		ldr	r3, [r7, #4]
 196 0052 0022     		movs	r2, #0
 197 0054 83F82420 		strb	r2, [r3, #36]
 167:Drivers/STM32WBxx_HAL_Driver/Src/stm32wbxx_hal_dma_ex.c **** 
 168:Drivers/STM32WBxx_HAL_Driver/Src/stm32wbxx_hal_dma_ex.c ****     return HAL_OK;
 198              		.loc 1 168 12
 199 0058 0023     		movs	r3, #0
 200 005a 00E0     		b	.L10
 201              	.L8:
 169:Drivers/STM32WBxx_HAL_Driver/Src/stm32wbxx_hal_dma_ex.c ****   }
 170:Drivers/STM32WBxx_HAL_Driver/Src/stm32wbxx_hal_dma_ex.c ****   else
 171:Drivers/STM32WBxx_HAL_Driver/Src/stm32wbxx_hal_dma_ex.c ****   {
 172:Drivers/STM32WBxx_HAL_Driver/Src/stm32wbxx_hal_dma_ex.c ****     return HAL_ERROR;
 202              		.loc 1 172 12
 203 005c 0123     		movs	r3, #1
 204              	.L10:
 173:Drivers/STM32WBxx_HAL_Driver/Src/stm32wbxx_hal_dma_ex.c ****   }
 174:Drivers/STM32WBxx_HAL_Driver/Src/stm32wbxx_hal_dma_ex.c **** }
 205              		.loc 1 174 1
 206 005e 1846     		mov	r0, r3
 207 0060 0C37     		adds	r7, r7, #12
 208              	.LCFI9:
 209              		.cfi_def_cfa_offset 4
 210 0062 BD46     		mov	sp, r7
 211              	.LCFI10:
 212              		.cfi_def_cfa_register 13
 213              		@ sp needed
 214 0064 5DF8047B 		ldr	r7, [sp], #4
 215              	.LCFI11:
 216              		.cfi_restore 7
 217              		.cfi_def_cfa_offset 0
 218 0068 7047     		bx	lr
 219              		.cfi_endproc
 220              	.LFE951:
 222              		.section	.text.HAL_DMAEx_EnableMuxRequestGenerator,"ax",%progbits
 223              		.align	1
 224              		.global	HAL_DMAEx_EnableMuxRequestGenerator
 225              		.syntax unified
 226              		.thumb
 227              		.thumb_func
 229              	HAL_DMAEx_EnableMuxRequestGenerator:
 230              	.LFB952:
ARM GAS  C:\Users\alanl\AppData\Local\Temp\ccgiH0Hf.s 			page 8


 175:Drivers/STM32WBxx_HAL_Driver/Src/stm32wbxx_hal_dma_ex.c **** 
 176:Drivers/STM32WBxx_HAL_Driver/Src/stm32wbxx_hal_dma_ex.c **** /**
 177:Drivers/STM32WBxx_HAL_Driver/Src/stm32wbxx_hal_dma_ex.c ****   * @brief  Enable the DMAMUX request generator block used by the given DMA channel (instance).
 178:Drivers/STM32WBxx_HAL_Driver/Src/stm32wbxx_hal_dma_ex.c ****   * @param  hdma Pointer to a DMA_HandleTypeDef structure that contains
 179:Drivers/STM32WBxx_HAL_Driver/Src/stm32wbxx_hal_dma_ex.c ****   *                     the configuration information for the specified DMA channel.
 180:Drivers/STM32WBxx_HAL_Driver/Src/stm32wbxx_hal_dma_ex.c ****   * @retval HAL status
 181:Drivers/STM32WBxx_HAL_Driver/Src/stm32wbxx_hal_dma_ex.c ****   */
 182:Drivers/STM32WBxx_HAL_Driver/Src/stm32wbxx_hal_dma_ex.c **** HAL_StatusTypeDef HAL_DMAEx_EnableMuxRequestGenerator(DMA_HandleTypeDef *hdma)
 183:Drivers/STM32WBxx_HAL_Driver/Src/stm32wbxx_hal_dma_ex.c **** {
 231              		.loc 1 183 1
 232              		.cfi_startproc
 233              		@ args = 0, pretend = 0, frame = 8
 234              		@ frame_needed = 1, uses_anonymous_args = 0
 235              		@ link register save eliminated.
 236 0000 80B4     		push	{r7}
 237              	.LCFI12:
 238              		.cfi_def_cfa_offset 4
 239              		.cfi_offset 7, -4
 240 0002 83B0     		sub	sp, sp, #12
 241              	.LCFI13:
 242              		.cfi_def_cfa_offset 16
 243 0004 00AF     		add	r7, sp, #0
 244              	.LCFI14:
 245              		.cfi_def_cfa_register 7
 246 0006 7860     		str	r0, [r7, #4]
 184:Drivers/STM32WBxx_HAL_Driver/Src/stm32wbxx_hal_dma_ex.c ****   /* Check the parameters */
 185:Drivers/STM32WBxx_HAL_Driver/Src/stm32wbxx_hal_dma_ex.c ****   assert_param(IS_DMA_ALL_INSTANCE(hdma->Instance));
 186:Drivers/STM32WBxx_HAL_Driver/Src/stm32wbxx_hal_dma_ex.c **** 
 187:Drivers/STM32WBxx_HAL_Driver/Src/stm32wbxx_hal_dma_ex.c ****   /* check if the DMA state is ready
 188:Drivers/STM32WBxx_HAL_Driver/Src/stm32wbxx_hal_dma_ex.c ****      and DMA is using a DMAMUX request generator block
 189:Drivers/STM32WBxx_HAL_Driver/Src/stm32wbxx_hal_dma_ex.c ****   */
 190:Drivers/STM32WBxx_HAL_Driver/Src/stm32wbxx_hal_dma_ex.c ****   if ((hdma->State != HAL_DMA_STATE_RESET) && (hdma->DMAmuxRequestGen != 0U))
 247              		.loc 1 190 12
 248 0008 7B68     		ldr	r3, [r7, #4]
 249 000a 93F82530 		ldrb	r3, [r3, #37]
 250 000e DBB2     		uxtb	r3, r3
 251              		.loc 1 190 6
 252 0010 002B     		cmp	r3, #0
 253 0012 0DD0     		beq	.L12
 254              		.loc 1 190 52 discriminator 1
 255 0014 7B68     		ldr	r3, [r7, #4]
 256 0016 5B6D     		ldr	r3, [r3, #84]
 257              		.loc 1 190 44 discriminator 1
 258 0018 002B     		cmp	r3, #0
 259 001a 09D0     		beq	.L12
 191:Drivers/STM32WBxx_HAL_Driver/Src/stm32wbxx_hal_dma_ex.c ****   {
 192:Drivers/STM32WBxx_HAL_Driver/Src/stm32wbxx_hal_dma_ex.c ****     /* Enable the request generator*/
 193:Drivers/STM32WBxx_HAL_Driver/Src/stm32wbxx_hal_dma_ex.c ****     SET_BIT(hdma->DMAmuxRequestGen->RGCR, DMAMUX_RGxCR_GE);
 260              		.loc 1 193 5
 261 001c 7B68     		ldr	r3, [r7, #4]
 262 001e 5B6D     		ldr	r3, [r3, #84]
 263 0020 1A68     		ldr	r2, [r3]
 264 0022 7B68     		ldr	r3, [r7, #4]
 265 0024 5B6D     		ldr	r3, [r3, #84]
 266 0026 42F48032 		orr	r2, r2, #65536
 267 002a 1A60     		str	r2, [r3]
 194:Drivers/STM32WBxx_HAL_Driver/Src/stm32wbxx_hal_dma_ex.c **** 
ARM GAS  C:\Users\alanl\AppData\Local\Temp\ccgiH0Hf.s 			page 9


 195:Drivers/STM32WBxx_HAL_Driver/Src/stm32wbxx_hal_dma_ex.c ****     return HAL_OK;
 268              		.loc 1 195 12
 269 002c 0023     		movs	r3, #0
 270 002e 00E0     		b	.L13
 271              	.L12:
 196:Drivers/STM32WBxx_HAL_Driver/Src/stm32wbxx_hal_dma_ex.c ****   }
 197:Drivers/STM32WBxx_HAL_Driver/Src/stm32wbxx_hal_dma_ex.c ****   else
 198:Drivers/STM32WBxx_HAL_Driver/Src/stm32wbxx_hal_dma_ex.c ****   {
 199:Drivers/STM32WBxx_HAL_Driver/Src/stm32wbxx_hal_dma_ex.c ****     return HAL_ERROR;
 272              		.loc 1 199 12
 273 0030 0123     		movs	r3, #1
 274              	.L13:
 200:Drivers/STM32WBxx_HAL_Driver/Src/stm32wbxx_hal_dma_ex.c ****   }
 201:Drivers/STM32WBxx_HAL_Driver/Src/stm32wbxx_hal_dma_ex.c **** }
 275              		.loc 1 201 1
 276 0032 1846     		mov	r0, r3
 277 0034 0C37     		adds	r7, r7, #12
 278              	.LCFI15:
 279              		.cfi_def_cfa_offset 4
 280 0036 BD46     		mov	sp, r7
 281              	.LCFI16:
 282              		.cfi_def_cfa_register 13
 283              		@ sp needed
 284 0038 5DF8047B 		ldr	r7, [sp], #4
 285              	.LCFI17:
 286              		.cfi_restore 7
 287              		.cfi_def_cfa_offset 0
 288 003c 7047     		bx	lr
 289              		.cfi_endproc
 290              	.LFE952:
 292              		.section	.text.HAL_DMAEx_DisableMuxRequestGenerator,"ax",%progbits
 293              		.align	1
 294              		.global	HAL_DMAEx_DisableMuxRequestGenerator
 295              		.syntax unified
 296              		.thumb
 297              		.thumb_func
 299              	HAL_DMAEx_DisableMuxRequestGenerator:
 300              	.LFB953:
 202:Drivers/STM32WBxx_HAL_Driver/Src/stm32wbxx_hal_dma_ex.c **** 
 203:Drivers/STM32WBxx_HAL_Driver/Src/stm32wbxx_hal_dma_ex.c **** /**
 204:Drivers/STM32WBxx_HAL_Driver/Src/stm32wbxx_hal_dma_ex.c ****   * @brief  Disable the DMAMUX request generator block used by the given DMA channel (instance).
 205:Drivers/STM32WBxx_HAL_Driver/Src/stm32wbxx_hal_dma_ex.c ****   * @param  hdma Pointer to a DMA_HandleTypeDef structure that contains
 206:Drivers/STM32WBxx_HAL_Driver/Src/stm32wbxx_hal_dma_ex.c ****   *                     the configuration information for the specified DMA channel.
 207:Drivers/STM32WBxx_HAL_Driver/Src/stm32wbxx_hal_dma_ex.c ****   * @retval HAL status
 208:Drivers/STM32WBxx_HAL_Driver/Src/stm32wbxx_hal_dma_ex.c ****   */
 209:Drivers/STM32WBxx_HAL_Driver/Src/stm32wbxx_hal_dma_ex.c **** HAL_StatusTypeDef HAL_DMAEx_DisableMuxRequestGenerator(DMA_HandleTypeDef *hdma)
 210:Drivers/STM32WBxx_HAL_Driver/Src/stm32wbxx_hal_dma_ex.c **** {
 301              		.loc 1 210 1
 302              		.cfi_startproc
 303              		@ args = 0, pretend = 0, frame = 8
 304              		@ frame_needed = 1, uses_anonymous_args = 0
 305              		@ link register save eliminated.
 306 0000 80B4     		push	{r7}
 307              	.LCFI18:
 308              		.cfi_def_cfa_offset 4
 309              		.cfi_offset 7, -4
 310 0002 83B0     		sub	sp, sp, #12
ARM GAS  C:\Users\alanl\AppData\Local\Temp\ccgiH0Hf.s 			page 10


 311              	.LCFI19:
 312              		.cfi_def_cfa_offset 16
 313 0004 00AF     		add	r7, sp, #0
 314              	.LCFI20:
 315              		.cfi_def_cfa_register 7
 316 0006 7860     		str	r0, [r7, #4]
 211:Drivers/STM32WBxx_HAL_Driver/Src/stm32wbxx_hal_dma_ex.c ****   /* Check the parameters */
 212:Drivers/STM32WBxx_HAL_Driver/Src/stm32wbxx_hal_dma_ex.c ****   assert_param(IS_DMA_ALL_INSTANCE(hdma->Instance));
 213:Drivers/STM32WBxx_HAL_Driver/Src/stm32wbxx_hal_dma_ex.c **** 
 214:Drivers/STM32WBxx_HAL_Driver/Src/stm32wbxx_hal_dma_ex.c ****   /* check if the DMA state is ready
 215:Drivers/STM32WBxx_HAL_Driver/Src/stm32wbxx_hal_dma_ex.c ****      and DMA is using a DMAMUX request generator block
 216:Drivers/STM32WBxx_HAL_Driver/Src/stm32wbxx_hal_dma_ex.c ****   */
 217:Drivers/STM32WBxx_HAL_Driver/Src/stm32wbxx_hal_dma_ex.c ****   if ((hdma->State != HAL_DMA_STATE_RESET) && (hdma->DMAmuxRequestGen != 0))
 317              		.loc 1 217 12
 318 0008 7B68     		ldr	r3, [r7, #4]
 319 000a 93F82530 		ldrb	r3, [r3, #37]
 320 000e DBB2     		uxtb	r3, r3
 321              		.loc 1 217 6
 322 0010 002B     		cmp	r3, #0
 323 0012 0DD0     		beq	.L15
 324              		.loc 1 217 52 discriminator 1
 325 0014 7B68     		ldr	r3, [r7, #4]
 326 0016 5B6D     		ldr	r3, [r3, #84]
 327              		.loc 1 217 44 discriminator 1
 328 0018 002B     		cmp	r3, #0
 329 001a 09D0     		beq	.L15
 218:Drivers/STM32WBxx_HAL_Driver/Src/stm32wbxx_hal_dma_ex.c ****   {
 219:Drivers/STM32WBxx_HAL_Driver/Src/stm32wbxx_hal_dma_ex.c ****     /* Disable the request generator*/
 220:Drivers/STM32WBxx_HAL_Driver/Src/stm32wbxx_hal_dma_ex.c ****     CLEAR_BIT(hdma->DMAmuxRequestGen->RGCR, DMAMUX_RGxCR_GE);
 330              		.loc 1 220 5
 331 001c 7B68     		ldr	r3, [r7, #4]
 332 001e 5B6D     		ldr	r3, [r3, #84]
 333 0020 1A68     		ldr	r2, [r3]
 334 0022 7B68     		ldr	r3, [r7, #4]
 335 0024 5B6D     		ldr	r3, [r3, #84]
 336 0026 22F48032 		bic	r2, r2, #65536
 337 002a 1A60     		str	r2, [r3]
 221:Drivers/STM32WBxx_HAL_Driver/Src/stm32wbxx_hal_dma_ex.c **** 
 222:Drivers/STM32WBxx_HAL_Driver/Src/stm32wbxx_hal_dma_ex.c ****     return HAL_OK;
 338              		.loc 1 222 12
 339 002c 0023     		movs	r3, #0
 340 002e 00E0     		b	.L16
 341              	.L15:
 223:Drivers/STM32WBxx_HAL_Driver/Src/stm32wbxx_hal_dma_ex.c ****   }
 224:Drivers/STM32WBxx_HAL_Driver/Src/stm32wbxx_hal_dma_ex.c ****   else
 225:Drivers/STM32WBxx_HAL_Driver/Src/stm32wbxx_hal_dma_ex.c ****   {
 226:Drivers/STM32WBxx_HAL_Driver/Src/stm32wbxx_hal_dma_ex.c ****     return HAL_ERROR;
 342              		.loc 1 226 12
 343 0030 0123     		movs	r3, #1
 344              	.L16:
 227:Drivers/STM32WBxx_HAL_Driver/Src/stm32wbxx_hal_dma_ex.c ****   }
 228:Drivers/STM32WBxx_HAL_Driver/Src/stm32wbxx_hal_dma_ex.c **** }
 345              		.loc 1 228 1
 346 0032 1846     		mov	r0, r3
 347 0034 0C37     		adds	r7, r7, #12
 348              	.LCFI21:
 349              		.cfi_def_cfa_offset 4
ARM GAS  C:\Users\alanl\AppData\Local\Temp\ccgiH0Hf.s 			page 11


 350 0036 BD46     		mov	sp, r7
 351              	.LCFI22:
 352              		.cfi_def_cfa_register 13
 353              		@ sp needed
 354 0038 5DF8047B 		ldr	r7, [sp], #4
 355              	.LCFI23:
 356              		.cfi_restore 7
 357              		.cfi_def_cfa_offset 0
 358 003c 7047     		bx	lr
 359              		.cfi_endproc
 360              	.LFE953:
 362              		.section	.text.HAL_DMAEx_MUX_IRQHandler,"ax",%progbits
 363              		.align	1
 364              		.global	HAL_DMAEx_MUX_IRQHandler
 365              		.syntax unified
 366              		.thumb
 367              		.thumb_func
 369              	HAL_DMAEx_MUX_IRQHandler:
 370              	.LFB954:
 229:Drivers/STM32WBxx_HAL_Driver/Src/stm32wbxx_hal_dma_ex.c **** 
 230:Drivers/STM32WBxx_HAL_Driver/Src/stm32wbxx_hal_dma_ex.c **** /**
 231:Drivers/STM32WBxx_HAL_Driver/Src/stm32wbxx_hal_dma_ex.c ****   * @brief  Handles DMAMUX interrupt request.
 232:Drivers/STM32WBxx_HAL_Driver/Src/stm32wbxx_hal_dma_ex.c ****   * @param  hdma Pointer to a DMA_HandleTypeDef structure that contains
 233:Drivers/STM32WBxx_HAL_Driver/Src/stm32wbxx_hal_dma_ex.c ****   *               the configuration information for the specified DMA channel.
 234:Drivers/STM32WBxx_HAL_Driver/Src/stm32wbxx_hal_dma_ex.c ****   * @retval None
 235:Drivers/STM32WBxx_HAL_Driver/Src/stm32wbxx_hal_dma_ex.c ****   */
 236:Drivers/STM32WBxx_HAL_Driver/Src/stm32wbxx_hal_dma_ex.c **** void HAL_DMAEx_MUX_IRQHandler(DMA_HandleTypeDef *hdma)
 237:Drivers/STM32WBxx_HAL_Driver/Src/stm32wbxx_hal_dma_ex.c **** {
 371              		.loc 1 237 1
 372              		.cfi_startproc
 373              		@ args = 0, pretend = 0, frame = 8
 374              		@ frame_needed = 1, uses_anonymous_args = 0
 375 0000 80B5     		push	{r7, lr}
 376              	.LCFI24:
 377              		.cfi_def_cfa_offset 8
 378              		.cfi_offset 7, -8
 379              		.cfi_offset 14, -4
 380 0002 82B0     		sub	sp, sp, #8
 381              	.LCFI25:
 382              		.cfi_def_cfa_offset 16
 383 0004 00AF     		add	r7, sp, #0
 384              	.LCFI26:
 385              		.cfi_def_cfa_register 7
 386 0006 7860     		str	r0, [r7, #4]
 238:Drivers/STM32WBxx_HAL_Driver/Src/stm32wbxx_hal_dma_ex.c ****   /* Check for DMAMUX Synchronization overrun */
 239:Drivers/STM32WBxx_HAL_Driver/Src/stm32wbxx_hal_dma_ex.c ****   if ((hdma->DMAmuxChannelStatus->CSR & hdma->DMAmuxChannelStatusMask) != 0U)
 387              		.loc 1 239 12
 388 0008 7B68     		ldr	r3, [r7, #4]
 389 000a DB6C     		ldr	r3, [r3, #76]
 390              		.loc 1 239 33
 391 000c 1A68     		ldr	r2, [r3]
 392              		.loc 1 239 45
 393 000e 7B68     		ldr	r3, [r7, #4]
 394 0010 1B6D     		ldr	r3, [r3, #80]
 395              		.loc 1 239 39
 396 0012 1340     		ands	r3, r3, r2
 397              		.loc 1 239 6
ARM GAS  C:\Users\alanl\AppData\Local\Temp\ccgiH0Hf.s 			page 12


 398 0014 002B     		cmp	r3, #0
 399 0016 1AD0     		beq	.L18
 240:Drivers/STM32WBxx_HAL_Driver/Src/stm32wbxx_hal_dma_ex.c ****   {
 241:Drivers/STM32WBxx_HAL_Driver/Src/stm32wbxx_hal_dma_ex.c ****     /* Disable the synchro overrun interrupt */
 242:Drivers/STM32WBxx_HAL_Driver/Src/stm32wbxx_hal_dma_ex.c ****     CLEAR_BIT(hdma->DMAmuxChannel->CCR, DMAMUX_CxCR_SOIE);
 400              		.loc 1 242 5
 401 0018 7B68     		ldr	r3, [r7, #4]
 402 001a 9B6C     		ldr	r3, [r3, #72]
 403 001c 1A68     		ldr	r2, [r3]
 404 001e 7B68     		ldr	r3, [r7, #4]
 405 0020 9B6C     		ldr	r3, [r3, #72]
 406 0022 22F48072 		bic	r2, r2, #256
 407 0026 1A60     		str	r2, [r3]
 243:Drivers/STM32WBxx_HAL_Driver/Src/stm32wbxx_hal_dma_ex.c **** 
 244:Drivers/STM32WBxx_HAL_Driver/Src/stm32wbxx_hal_dma_ex.c ****     /* Clear the DMAMUX synchro overrun flag */
 245:Drivers/STM32WBxx_HAL_Driver/Src/stm32wbxx_hal_dma_ex.c ****     WRITE_REG(hdma->DMAmuxChannelStatus->CFR, hdma->DMAmuxChannelStatusMask);
 408              		.loc 1 245 5
 409 0028 7B68     		ldr	r3, [r7, #4]
 410 002a DB6C     		ldr	r3, [r3, #76]
 411 002c 7A68     		ldr	r2, [r7, #4]
 412 002e 126D     		ldr	r2, [r2, #80]
 413 0030 5A60     		str	r2, [r3, #4]
 246:Drivers/STM32WBxx_HAL_Driver/Src/stm32wbxx_hal_dma_ex.c **** 
 247:Drivers/STM32WBxx_HAL_Driver/Src/stm32wbxx_hal_dma_ex.c ****     /* Update error code */
 248:Drivers/STM32WBxx_HAL_Driver/Src/stm32wbxx_hal_dma_ex.c ****     hdma->ErrorCode |= HAL_DMA_ERROR_SYNC;
 414              		.loc 1 248 9
 415 0032 7B68     		ldr	r3, [r7, #4]
 416 0034 DB6B     		ldr	r3, [r3, #60]
 417              		.loc 1 248 21
 418 0036 43F40072 		orr	r2, r3, #512
 419 003a 7B68     		ldr	r3, [r7, #4]
 420 003c DA63     		str	r2, [r3, #60]
 249:Drivers/STM32WBxx_HAL_Driver/Src/stm32wbxx_hal_dma_ex.c **** 
 250:Drivers/STM32WBxx_HAL_Driver/Src/stm32wbxx_hal_dma_ex.c ****     if (hdma->XferErrorCallback != NULL)
 421              		.loc 1 250 13
 422 003e 7B68     		ldr	r3, [r7, #4]
 423 0040 5B6B     		ldr	r3, [r3, #52]
 424              		.loc 1 250 8
 425 0042 002B     		cmp	r3, #0
 426 0044 03D0     		beq	.L18
 251:Drivers/STM32WBxx_HAL_Driver/Src/stm32wbxx_hal_dma_ex.c ****     {
 252:Drivers/STM32WBxx_HAL_Driver/Src/stm32wbxx_hal_dma_ex.c ****       /* Transfer error callback */
 253:Drivers/STM32WBxx_HAL_Driver/Src/stm32wbxx_hal_dma_ex.c ****       hdma->XferErrorCallback(hdma);
 427              		.loc 1 253 11
 428 0046 7B68     		ldr	r3, [r7, #4]
 429 0048 5B6B     		ldr	r3, [r3, #52]
 430              		.loc 1 253 7
 431 004a 7868     		ldr	r0, [r7, #4]
 432 004c 9847     		blx	r3
 433              	.LVL0:
 434              	.L18:
 254:Drivers/STM32WBxx_HAL_Driver/Src/stm32wbxx_hal_dma_ex.c ****     }
 255:Drivers/STM32WBxx_HAL_Driver/Src/stm32wbxx_hal_dma_ex.c ****   }
 256:Drivers/STM32WBxx_HAL_Driver/Src/stm32wbxx_hal_dma_ex.c **** 
 257:Drivers/STM32WBxx_HAL_Driver/Src/stm32wbxx_hal_dma_ex.c ****   if (hdma->DMAmuxRequestGen != 0U)
 435              		.loc 1 257 11
 436 004e 7B68     		ldr	r3, [r7, #4]
ARM GAS  C:\Users\alanl\AppData\Local\Temp\ccgiH0Hf.s 			page 13


 437 0050 5B6D     		ldr	r3, [r3, #84]
 438              		.loc 1 257 6
 439 0052 002B     		cmp	r3, #0
 440 0054 22D0     		beq	.L20
 258:Drivers/STM32WBxx_HAL_Driver/Src/stm32wbxx_hal_dma_ex.c ****   {
 259:Drivers/STM32WBxx_HAL_Driver/Src/stm32wbxx_hal_dma_ex.c ****     /* if using a DMAMUX request generator block Check for DMAMUX request generator overrun */
 260:Drivers/STM32WBxx_HAL_Driver/Src/stm32wbxx_hal_dma_ex.c ****     if ((hdma->DMAmuxRequestGenStatus->RGSR & hdma->DMAmuxRequestGenStatusMask) != 0U)
 441              		.loc 1 260 14
 442 0056 7B68     		ldr	r3, [r7, #4]
 443 0058 9B6D     		ldr	r3, [r3, #88]
 444              		.loc 1 260 38
 445 005a 1A68     		ldr	r2, [r3]
 446              		.loc 1 260 51
 447 005c 7B68     		ldr	r3, [r7, #4]
 448 005e DB6D     		ldr	r3, [r3, #92]
 449              		.loc 1 260 45
 450 0060 1340     		ands	r3, r3, r2
 451              		.loc 1 260 8
 452 0062 002B     		cmp	r3, #0
 453 0064 1AD0     		beq	.L20
 261:Drivers/STM32WBxx_HAL_Driver/Src/stm32wbxx_hal_dma_ex.c ****     {
 262:Drivers/STM32WBxx_HAL_Driver/Src/stm32wbxx_hal_dma_ex.c ****       /* Disable the request gen overrun interrupt */
 263:Drivers/STM32WBxx_HAL_Driver/Src/stm32wbxx_hal_dma_ex.c ****       CLEAR_BIT(hdma->DMAmuxRequestGen->RGCR, DMAMUX_RGxCR_OIE);
 454              		.loc 1 263 7
 455 0066 7B68     		ldr	r3, [r7, #4]
 456 0068 5B6D     		ldr	r3, [r3, #84]
 457 006a 1A68     		ldr	r2, [r3]
 458 006c 7B68     		ldr	r3, [r7, #4]
 459 006e 5B6D     		ldr	r3, [r3, #84]
 460 0070 22F48072 		bic	r2, r2, #256
 461 0074 1A60     		str	r2, [r3]
 264:Drivers/STM32WBxx_HAL_Driver/Src/stm32wbxx_hal_dma_ex.c **** 
 265:Drivers/STM32WBxx_HAL_Driver/Src/stm32wbxx_hal_dma_ex.c ****       /* Clear the DMAMUX request generator overrun flag */
 266:Drivers/STM32WBxx_HAL_Driver/Src/stm32wbxx_hal_dma_ex.c ****       WRITE_REG(hdma->DMAmuxRequestGenStatus->RGCFR, hdma->DMAmuxRequestGenStatusMask);
 462              		.loc 1 266 7
 463 0076 7B68     		ldr	r3, [r7, #4]
 464 0078 9B6D     		ldr	r3, [r3, #88]
 465 007a 7A68     		ldr	r2, [r7, #4]
 466 007c D26D     		ldr	r2, [r2, #92]
 467 007e 5A60     		str	r2, [r3, #4]
 267:Drivers/STM32WBxx_HAL_Driver/Src/stm32wbxx_hal_dma_ex.c **** 
 268:Drivers/STM32WBxx_HAL_Driver/Src/stm32wbxx_hal_dma_ex.c ****       /* Update error code */
 269:Drivers/STM32WBxx_HAL_Driver/Src/stm32wbxx_hal_dma_ex.c ****       hdma->ErrorCode |= HAL_DMA_ERROR_REQGEN;
 468              		.loc 1 269 11
 469 0080 7B68     		ldr	r3, [r7, #4]
 470 0082 DB6B     		ldr	r3, [r3, #60]
 471              		.loc 1 269 23
 472 0084 43F48062 		orr	r2, r3, #1024
 473 0088 7B68     		ldr	r3, [r7, #4]
 474 008a DA63     		str	r2, [r3, #60]
 270:Drivers/STM32WBxx_HAL_Driver/Src/stm32wbxx_hal_dma_ex.c **** 
 271:Drivers/STM32WBxx_HAL_Driver/Src/stm32wbxx_hal_dma_ex.c ****       if (hdma->XferErrorCallback != NULL)
 475              		.loc 1 271 15
 476 008c 7B68     		ldr	r3, [r7, #4]
 477 008e 5B6B     		ldr	r3, [r3, #52]
 478              		.loc 1 271 10
 479 0090 002B     		cmp	r3, #0
ARM GAS  C:\Users\alanl\AppData\Local\Temp\ccgiH0Hf.s 			page 14


 480 0092 03D0     		beq	.L20
 272:Drivers/STM32WBxx_HAL_Driver/Src/stm32wbxx_hal_dma_ex.c ****       {
 273:Drivers/STM32WBxx_HAL_Driver/Src/stm32wbxx_hal_dma_ex.c ****         /* Transfer error callback */
 274:Drivers/STM32WBxx_HAL_Driver/Src/stm32wbxx_hal_dma_ex.c ****         hdma->XferErrorCallback(hdma);
 481              		.loc 1 274 13
 482 0094 7B68     		ldr	r3, [r7, #4]
 483 0096 5B6B     		ldr	r3, [r3, #52]
 484              		.loc 1 274 9
 485 0098 7868     		ldr	r0, [r7, #4]
 486 009a 9847     		blx	r3
 487              	.LVL1:
 488              	.L20:
 275:Drivers/STM32WBxx_HAL_Driver/Src/stm32wbxx_hal_dma_ex.c ****       }
 276:Drivers/STM32WBxx_HAL_Driver/Src/stm32wbxx_hal_dma_ex.c ****     }
 277:Drivers/STM32WBxx_HAL_Driver/Src/stm32wbxx_hal_dma_ex.c ****   }
 278:Drivers/STM32WBxx_HAL_Driver/Src/stm32wbxx_hal_dma_ex.c **** }
 489              		.loc 1 278 1
 490 009c 00BF     		nop
 491 009e 0837     		adds	r7, r7, #8
 492              	.LCFI27:
 493              		.cfi_def_cfa_offset 8
 494 00a0 BD46     		mov	sp, r7
 495              	.LCFI28:
 496              		.cfi_def_cfa_register 13
 497              		@ sp needed
 498 00a2 80BD     		pop	{r7, pc}
 499              		.cfi_endproc
 500              	.LFE954:
 502              		.text
 503              	.Letext0:
 504              		.file 2 "C:/Program Files (x86)/Arm GNU Toolchain arm-none-eabi/14.3 rel1/arm-none-eabi/include/ma
 505              		.file 3 "C:/Program Files (x86)/Arm GNU Toolchain arm-none-eabi/14.3 rel1/arm-none-eabi/include/sy
 506              		.file 4 "Drivers/CMSIS/Device/ST/STM32WBxx/Include/stm32wb55xx.h"
 507              		.file 5 "Drivers/CMSIS/Device/ST/STM32WBxx/Include/stm32wbxx.h"
 508              		.file 6 "Drivers/STM32WBxx_HAL_Driver/Inc/stm32wbxx_hal_def.h"
 509              		.file 7 "Drivers/STM32WBxx_HAL_Driver/Inc/stm32wbxx_hal_dma.h"
 510              		.file 8 "Drivers/STM32WBxx_HAL_Driver/Inc/stm32wbxx_hal_dma_ex.h"
ARM GAS  C:\Users\alanl\AppData\Local\Temp\ccgiH0Hf.s 			page 15


DEFINED SYMBOLS
                            *ABS*:00000000 stm32wbxx_hal_dma_ex.c
C:\Users\alanl\AppData\Local\Temp\ccgiH0Hf.s:21     .text.HAL_DMAEx_ConfigMuxSync:00000000 $t
C:\Users\alanl\AppData\Local\Temp\ccgiH0Hf.s:27     .text.HAL_DMAEx_ConfigMuxSync:00000000 HAL_DMAEx_ConfigMuxSync
C:\Users\alanl\AppData\Local\Temp\ccgiH0Hf.s:123    .text.HAL_DMAEx_ConfigMuxSync:0000007c $d
C:\Users\alanl\AppData\Local\Temp\ccgiH0Hf.s:128    .text.HAL_DMAEx_ConfigMuxRequestGenerator:00000000 $t
C:\Users\alanl\AppData\Local\Temp\ccgiH0Hf.s:134    .text.HAL_DMAEx_ConfigMuxRequestGenerator:00000000 HAL_DMAEx_ConfigMuxRequestGenerator
C:\Users\alanl\AppData\Local\Temp\ccgiH0Hf.s:223    .text.HAL_DMAEx_EnableMuxRequestGenerator:00000000 $t
C:\Users\alanl\AppData\Local\Temp\ccgiH0Hf.s:229    .text.HAL_DMAEx_EnableMuxRequestGenerator:00000000 HAL_DMAEx_EnableMuxRequestGenerator
C:\Users\alanl\AppData\Local\Temp\ccgiH0Hf.s:293    .text.HAL_DMAEx_DisableMuxRequestGenerator:00000000 $t
C:\Users\alanl\AppData\Local\Temp\ccgiH0Hf.s:299    .text.HAL_DMAEx_DisableMuxRequestGenerator:00000000 HAL_DMAEx_DisableMuxRequestGenerator
C:\Users\alanl\AppData\Local\Temp\ccgiH0Hf.s:363    .text.HAL_DMAEx_MUX_IRQHandler:00000000 $t
C:\Users\alanl\AppData\Local\Temp\ccgiH0Hf.s:369    .text.HAL_DMAEx_MUX_IRQHandler:00000000 HAL_DMAEx_MUX_IRQHandler

NO UNDEFINED SYMBOLS
