ARM GAS  C:\Users\alanl\AppData\Local\Temp\ccJEfiwQ.s 			page 1


   1              		.cpu cortex-m4
   2              		.arch armv7e-m
   3              		.fpu fpv4-sp-d16
   4              		.eabi_attribute 27, 1
   5              		.eabi_attribute 28, 1
   6              		.eabi_attribute 20, 1
   7              		.eabi_attribute 21, 1
   8              		.eabi_attribute 23, 3
   9              		.eabi_attribute 24, 1
  10              		.eabi_attribute 25, 1
  11              		.eabi_attribute 26, 1
  12              		.eabi_attribute 30, 6
  13              		.eabi_attribute 34, 1
  14              		.eabi_attribute 18, 4
  15              		.file	"sysmem.c"
  16              		.text
  17              	.Ltext0:
  18              		.cfi_sections	.debug_frame
  19              		.file 1 "Core/Src/sysmem.c"
  20              		.section	.bss.__sbrk_heap_end,"aw",%nobits
  21              		.align	2
  24              	__sbrk_heap_end:
  25 0000 00000000 		.space	4
  26              		.section	.text._sbrk,"ax",%progbits
  27              		.align	1
  28              		.global	_sbrk
  29              		.syntax unified
  30              		.thumb
  31              		.thumb_func
  33              	_sbrk:
  34              	.LFB0:
   1:Core/Src/sysmem.c **** /**
   2:Core/Src/sysmem.c ****  ******************************************************************************
   3:Core/Src/sysmem.c ****  * @file      sysmem.c
   4:Core/Src/sysmem.c ****  * @author    Generated by STM32CubeMX
   5:Core/Src/sysmem.c ****  * @brief     System Memory calls file
   6:Core/Src/sysmem.c ****  *
   7:Core/Src/sysmem.c ****  *            For more information about which C functions
   8:Core/Src/sysmem.c ****  *            need which of these lowlevel functions
   9:Core/Src/sysmem.c ****  *            please consult the Newlib or Picolibc libc manual
  10:Core/Src/sysmem.c ****  ******************************************************************************
  11:Core/Src/sysmem.c ****  * @attention
  12:Core/Src/sysmem.c ****  *
  13:Core/Src/sysmem.c ****  * Copyright (c) 2025 STMicroelectronics.
  14:Core/Src/sysmem.c ****  * All rights reserved.
  15:Core/Src/sysmem.c ****  *
  16:Core/Src/sysmem.c ****  * This software is licensed under terms that can be found in the LICENSE file
  17:Core/Src/sysmem.c ****  * in the root directory of this software component.
  18:Core/Src/sysmem.c ****  * If no LICENSE file comes with this software, it is provided AS-IS.
  19:Core/Src/sysmem.c ****  *
  20:Core/Src/sysmem.c ****  ******************************************************************************
  21:Core/Src/sysmem.c ****  */
  22:Core/Src/sysmem.c **** 
  23:Core/Src/sysmem.c **** /* Includes */
  24:Core/Src/sysmem.c **** #include <errno.h>
  25:Core/Src/sysmem.c **** #include <stdint.h>
  26:Core/Src/sysmem.c **** #include <stddef.h>
ARM GAS  C:\Users\alanl\AppData\Local\Temp\ccJEfiwQ.s 			page 2


  27:Core/Src/sysmem.c **** 
  28:Core/Src/sysmem.c **** /**
  29:Core/Src/sysmem.c ****  * Pointer to the current high watermark of the heap usage
  30:Core/Src/sysmem.c ****  */
  31:Core/Src/sysmem.c **** static uint8_t *__sbrk_heap_end = NULL;
  32:Core/Src/sysmem.c **** 
  33:Core/Src/sysmem.c **** /**
  34:Core/Src/sysmem.c ****  * @brief _sbrk() allocates memory to the newlib heap and is used by malloc
  35:Core/Src/sysmem.c ****  *        and others from the C library
  36:Core/Src/sysmem.c ****  *
  37:Core/Src/sysmem.c ****  * @verbatim
  38:Core/Src/sysmem.c ****  * ############################################################################
  39:Core/Src/sysmem.c ****  * #  .data  #  .bss  #       newlib heap       #          MSP stack          #
  40:Core/Src/sysmem.c ****  * #         #        #                         # Reserved by _Min_Stack_Size #
  41:Core/Src/sysmem.c ****  * ############################################################################
  42:Core/Src/sysmem.c ****  * ^-- RAM start      ^-- _end                             _estack, RAM end --^
  43:Core/Src/sysmem.c ****  * @endverbatim
  44:Core/Src/sysmem.c ****  *
  45:Core/Src/sysmem.c ****  * This implementation starts allocating at the '_end' linker symbol
  46:Core/Src/sysmem.c ****  * The '_Min_Stack_Size' linker symbol reserves a memory for the MSP stack
  47:Core/Src/sysmem.c ****  * The implementation considers '_estack' linker symbol to be RAM end
  48:Core/Src/sysmem.c ****  * NOTE: If the MSP stack, at any point during execution, grows larger than the
  49:Core/Src/sysmem.c ****  * reserved size, please increase the '_Min_Stack_Size'.
  50:Core/Src/sysmem.c ****  *
  51:Core/Src/sysmem.c ****  * @param incr Memory size
  52:Core/Src/sysmem.c ****  * @return Pointer to allocated memory
  53:Core/Src/sysmem.c ****  */
  54:Core/Src/sysmem.c **** void *_sbrk(ptrdiff_t incr)
  55:Core/Src/sysmem.c **** {
  35              		.loc 1 55 1
  36              		.cfi_startproc
  37              		@ args = 0, pretend = 0, frame = 24
  38              		@ frame_needed = 1, uses_anonymous_args = 0
  39 0000 80B5     		push	{r7, lr}
  40              	.LCFI0:
  41              		.cfi_def_cfa_offset 8
  42              		.cfi_offset 7, -8
  43              		.cfi_offset 14, -4
  44 0002 86B0     		sub	sp, sp, #24
  45              	.LCFI1:
  46              		.cfi_def_cfa_offset 32
  47 0004 00AF     		add	r7, sp, #0
  48              	.LCFI2:
  49              		.cfi_def_cfa_register 7
  50 0006 7860     		str	r0, [r7, #4]
  56:Core/Src/sysmem.c ****   extern uint8_t _end; /* Symbol defined in the linker script */
  57:Core/Src/sysmem.c ****   extern uint8_t _estack; /* Symbol defined in the linker script */
  58:Core/Src/sysmem.c ****   extern uint32_t _Min_Stack_Size; /* Symbol defined in the linker script */
  59:Core/Src/sysmem.c ****   const uint32_t stack_limit = (uint32_t)&_estack - (uint32_t)&_Min_Stack_Size;
  51              		.loc 1 59 32
  52 0008 144A     		ldr	r2, .L5
  53              		.loc 1 59 53
  54 000a 154B     		ldr	r3, .L5+4
  55              		.loc 1 59 18
  56 000c D31A     		subs	r3, r2, r3
  57 000e 7B61     		str	r3, [r7, #20]
  60:Core/Src/sysmem.c ****   const uint8_t *max_heap = (uint8_t *)stack_limit;
ARM GAS  C:\Users\alanl\AppData\Local\Temp\ccJEfiwQ.s 			page 3


  58              		.loc 1 60 18
  59 0010 7B69     		ldr	r3, [r7, #20]
  60 0012 3B61     		str	r3, [r7, #16]
  61:Core/Src/sysmem.c ****   uint8_t *prev_heap_end;
  62:Core/Src/sysmem.c **** 
  63:Core/Src/sysmem.c ****   /* Initialize heap end at first call */
  64:Core/Src/sysmem.c ****   if (NULL == __sbrk_heap_end)
  61              		.loc 1 64 12
  62 0014 134B     		ldr	r3, .L5+8
  63 0016 1B68     		ldr	r3, [r3]
  64              		.loc 1 64 6
  65 0018 002B     		cmp	r3, #0
  66 001a 02D1     		bne	.L2
  65:Core/Src/sysmem.c ****   {
  66:Core/Src/sysmem.c ****     __sbrk_heap_end = &_end;
  67              		.loc 1 66 21
  68 001c 114B     		ldr	r3, .L5+8
  69 001e 124A     		ldr	r2, .L5+12
  70 0020 1A60     		str	r2, [r3]
  71              	.L2:
  67:Core/Src/sysmem.c ****   }
  68:Core/Src/sysmem.c **** 
  69:Core/Src/sysmem.c ****   /* Protect heap from growing into the reserved MSP stack */
  70:Core/Src/sysmem.c ****   if (__sbrk_heap_end + incr > max_heap)
  72              		.loc 1 70 23
  73 0022 104B     		ldr	r3, .L5+8
  74 0024 1A68     		ldr	r2, [r3]
  75 0026 7B68     		ldr	r3, [r7, #4]
  76 0028 1344     		add	r3, r3, r2
  77              		.loc 1 70 6
  78 002a 3A69     		ldr	r2, [r7, #16]
  79 002c 9A42     		cmp	r2, r3
  80 002e 07D2     		bcs	.L3
  71:Core/Src/sysmem.c ****   {
  72:Core/Src/sysmem.c ****     errno = ENOMEM;
  81              		.loc 1 72 5
  82 0030 FFF7FEFF 		bl	__errno
  83 0034 0346     		mov	r3, r0
  84              		.loc 1 72 11 discriminator 1
  85 0036 0C22     		movs	r2, #12
  86 0038 1A60     		str	r2, [r3]
  73:Core/Src/sysmem.c ****     return (void *)-1;
  87              		.loc 1 73 12
  88 003a 4FF0FF33 		mov	r3, #-1
  89 003e 09E0     		b	.L4
  90              	.L3:
  74:Core/Src/sysmem.c ****   }
  75:Core/Src/sysmem.c **** 
  76:Core/Src/sysmem.c ****   prev_heap_end = __sbrk_heap_end;
  91              		.loc 1 76 17
  92 0040 084B     		ldr	r3, .L5+8
  93 0042 1B68     		ldr	r3, [r3]
  94 0044 FB60     		str	r3, [r7, #12]
  77:Core/Src/sysmem.c ****   __sbrk_heap_end += incr;
  95              		.loc 1 77 19
  96 0046 074B     		ldr	r3, .L5+8
  97 0048 1A68     		ldr	r2, [r3]
ARM GAS  C:\Users\alanl\AppData\Local\Temp\ccJEfiwQ.s 			page 4


  98 004a 7B68     		ldr	r3, [r7, #4]
  99 004c 1344     		add	r3, r3, r2
 100 004e 054A     		ldr	r2, .L5+8
 101 0050 1360     		str	r3, [r2]
  78:Core/Src/sysmem.c **** 
  79:Core/Src/sysmem.c ****   return (void *)prev_heap_end;
 102              		.loc 1 79 10
 103 0052 FB68     		ldr	r3, [r7, #12]
 104              	.L4:
  80:Core/Src/sysmem.c **** }
 105              		.loc 1 80 1
 106 0054 1846     		mov	r0, r3
 107 0056 1837     		adds	r7, r7, #24
 108              	.LCFI3:
 109              		.cfi_def_cfa_offset 8
 110 0058 BD46     		mov	sp, r7
 111              	.LCFI4:
 112              		.cfi_def_cfa_register 13
 113              		@ sp needed
 114 005a 80BD     		pop	{r7, pc}
 115              	.L6:
 116              		.align	2
 117              	.L5:
 118 005c 00000000 		.word	_estack
 119 0060 00000000 		.word	_Min_Stack_Size
 120 0064 00000000 		.word	__sbrk_heap_end
 121 0068 00000000 		.word	_end
 122              		.cfi_endproc
 123              	.LFE0:
 125              		.text
 126              	.Letext0:
 127              		.file 2 "C:/Program Files (x86)/Arm GNU Toolchain arm-none-eabi/14.3 rel1/lib/gcc/arm-none-eabi/14
 128              		.file 3 "C:/Program Files (x86)/Arm GNU Toolchain arm-none-eabi/14.3 rel1/arm-none-eabi/include/ma
 129              		.file 4 "C:/Program Files (x86)/Arm GNU Toolchain arm-none-eabi/14.3 rel1/arm-none-eabi/include/sy
 130              		.file 5 "C:/Program Files (x86)/Arm GNU Toolchain arm-none-eabi/14.3 rel1/arm-none-eabi/include/sy
ARM GAS  C:\Users\alanl\AppData\Local\Temp\ccJEfiwQ.s 			page 5


DEFINED SYMBOLS
                            *ABS*:00000000 sysmem.c
C:\Users\alanl\AppData\Local\Temp\ccJEfiwQ.s:21     .bss.__sbrk_heap_end:00000000 $d
C:\Users\alanl\AppData\Local\Temp\ccJEfiwQ.s:24     .bss.__sbrk_heap_end:00000000 __sbrk_heap_end
C:\Users\alanl\AppData\Local\Temp\ccJEfiwQ.s:27     .text._sbrk:00000000 $t
C:\Users\alanl\AppData\Local\Temp\ccJEfiwQ.s:33     .text._sbrk:00000000 _sbrk
C:\Users\alanl\AppData\Local\Temp\ccJEfiwQ.s:118    .text._sbrk:0000005c $d

UNDEFINED SYMBOLS
__errno
_estack
_Min_Stack_Size
_end
